 >> Input data 
 >> Array =  0
 >> No. of stations =   19
 >> Measurement interval =   15.00
 >> Electrodes are located on surface 
 >> Distance measured horizontally
 >> Negative app. r. excluded
 >> No. of input data =   81
 >> No. of inverted data =   81



 >> FEM Model
 >> No. of nodes in X =  95
 >> No. of nodes in Z =  32
 >> No. of spatial frequencies = 9
  4.9999999E-03  9.9999998E-03  2.0000000E-02  3.9999999E-02  7.9999998E-02
  0.1600000      0.3200000      0.6400000       1.280000    
 >> No. of meshs within unit measurement interval = 4
 >> No. of boundary meshes = 11
 >> X Node numbers of station locations
          12          16          20          24          28          32
          36          40          44          48          52          56
          60          64          68          72          76          80
          84
 >> Z Node numbers of station locations
           1           1           1           1           1           1
           1           1           1           1           1           1
           1           1           1           1           1           1
           1



 >> Inversion parameters
 >> Inversion method --
    Creeping method - 2nd order smoothing
 >> No. of iterations = 5
 >> No. of blocks in X =  18
 >> No. of blocks in Z =  5
 >> No. of parameters = 90
  >> Method to set Lagarangian multiplier = ACB 
     Minimum Lagrangian =  1.0000001E-02           Maximum Lagrangian =
   1.000000    


 RMS ERROR ( ABSOLUTE ) =   0.782593




 RMS ERROR ( ABSOLUTE ) =   0.378167


  RMS ERROR DIFF. BETWEEN OLD AND NEW = 0.404426E+00


           ITERATION(   1)


     0.3781666E+00 0.5000000E-01

 NUMBER OF VARIABLES =   90


 CURRENT X VALUES
   0.29668E+03 0.19921E+03 0.21086E+03 0.22837E+03 0.24880E+03
   0.20137E+03 0.14558E+03 0.23922E+03 0.23158E+03 0.24825E+03
   0.18702E+03 0.18789E+03 0.19335E+03 0.19493E+03 0.25371E+03
   0.23182E+03 0.16766E+03 0.18057E+03 0.43799E+03 0.36764E+03
   0.35495E+03 0.43211E+03 0.48960E+03 0.40761E+03 0.29829E+03
   0.39592E+03 0.29761E+03 0.24389E+03 0.22442E+03 0.24284E+03
   0.30164E+03 0.24877E+03 0.31966E+03 0.30560E+03 0.30242E+03
   0.28180E+03 0.79814E+03 0.81045E+03 0.90669E+03 0.11901E+04
   0.13414E+04 0.10320E+04 0.66141E+03 0.64318E+03 0.56762E+03
   0.43125E+03 0.41676E+03 0.40577E+03 0.28417E+03 0.24925E+03
   0.40300E+03 0.50846E+03 0.50332E+03 0.45614E+03 0.13647E+04
   0.15612E+04 0.19972E+04 0.26326E+04 0.28073E+04 0.21033E+04
   0.12837E+04 0.91948E+03 0.72267E+03 0.58422E+03 0.50404E+03
   0.40699E+03 0.30248E+03 0.30141E+03 0.44597E+03 0.59308E+03
   0.63060E+03 0.60762E+03 0.18277E+04 0.21742E+04 0.28828E+04
   0.37277E+04 0.38379E+04 0.28524E+04 0.17282E+04 0.11062E+04
   0.79027E+03 0.61028E+03 0.49309E+03 0.39250E+03 0.32491E+03
   0.34418E+03 0.46959E+03 0.61371E+03 0.68000E+03 0.68391E+03


 RMS ERROR ( ABSOLUTE ) =   0.236002


  RMS ERROR DIFF. BETWEEN OLD AND NEW = 0.142165E+00


           ITERATION(   2)


     0.2360017E+00 0.5000000E-01

 NUMBER OF VARIABLES =   90


 CURRENT X VALUES
   0.24140E+03 0.16392E+03 0.18796E+03 0.19742E+03 0.20264E+03
   0.17262E+03 0.11330E+03 0.19104E+03 0.15471E+03 0.17124E+03
   0.11463E+03 0.12447E+03 0.13203E+03 0.12578E+03 0.19753E+03
   0.18341E+03 0.12014E+03 0.12961E+03 0.45586E+03 0.42758E+03
   0.44818E+03 0.63905E+03 0.75237E+03 0.59697E+03 0.36062E+03
   0.45566E+03 0.30800E+03 0.23548E+03 0.20105E+03 0.20225E+03
   0.26884E+03 0.21167E+03 0.32252E+03 0.30381E+03 0.31761E+03
   0.29091E+03 0.11446E+04 0.13572E+04 0.18744E+04 0.31583E+04
   0.39250E+04 0.27767E+04 0.13963E+04 0.11856E+04 0.10309E+04
   0.71594E+03 0.61828E+03 0.49443E+03 0.27248E+03 0.23866E+03
   0.51622E+03 0.74276E+03 0.76589E+03 0.67154E+03 0.25100E+04
   0.33984E+04 0.56439E+04 0.97238E+04 0.11808E+05 0.83357E+04
   0.41394E+04 0.24124E+04 0.16349E+04 0.11291E+04 0.82084E+03
   0.53484E+03 0.32905E+03 0.34085E+03 0.63875E+03 0.10078E+04
   0.11416E+04 0.10933E+04 0.38113E+04 0.53649E+04 0.92593E+04
   0.15535E+05 0.18360E+05 0.13134E+05 0.66308E+04 0.33671E+04
   0.19330E+04 0.12080E+04 0.79287E+03 0.51584E+03 0.37632E+03
   0.42267E+03 0.70221E+03 0.10863E+04 0.13041E+04 0.13314E+04


 RMS ERROR ( ABSOLUTE ) =   0.199255


  RMS ERROR DIFF. BETWEEN OLD AND NEW = 0.367465E-01


           ITERATION(   3)


     0.1992552E+00 0.5000000E-01

 NUMBER OF VARIABLES =   90


 CURRENT X VALUES
   0.22895E+03 0.15709E+03 0.17949E+03 0.18963E+03 0.19104E+03
   0.15811E+03 0.97517E+02 0.16288E+03 0.12343E+03 0.13786E+03
   0.88081E+02 0.10103E+03 0.10955E+03 0.97052E+02 0.16985E+03
   0.16467E+03 0.10829E+03 0.11772E+03 0.47728E+03 0.49316E+03
   0.54705E+03 0.90216E+03 0.11538E+04 0.93623E+03 0.53399E+03
   0.62382E+03 0.37852E+03 0.26648E+03 0.22340E+03 0.19981E+03
   0.25694E+03 0.20333E+03 0.34571E+03 0.31418E+03 0.34785E+03
   0.32059E+03 0.13575E+04 0.18451E+04 0.30363E+04 0.63381E+04
   0.90392E+04 0.67188E+04 0.32326E+04 0.24897E+04 0.19734E+04
   0.12073E+04 0.96009E+03 0.62877E+03 0.27918E+03 0.24622E+03
   0.62245E+03 0.94152E+03 0.99861E+03 0.86788E+03 0.32642E+04
   0.51359E+04 0.10709E+05 0.23553E+05 0.33878E+05 0.25584E+05
   0.12311E+05 0.64708E+04 0.38284E+04 0.22429E+04 0.13814E+04
   0.72686E+03 0.37058E+03 0.38036E+03 0.79539E+03 0.13572E+04
   0.15910E+04 0.15231E+04 0.51632E+04 0.84832E+04 0.18607E+05
   0.40126E+05 0.56910E+05 0.43990E+05 0.21672E+05 0.98941E+04
   0.48450E+04 0.24976E+04 0.13355E+04 0.70252E+03 0.43820E+03
   0.48542E+03 0.87749E+03 0.14705E+04 0.18402E+04 0.18940E+04


 RMS ERROR ( ABSOLUTE ) =   0.187934


  RMS ERROR DIFF. BETWEEN OLD AND NEW = 0.113209E-01


           ITERATION(   4)


     0.1879343E+00 0.5000000E-01

 NUMBER OF VARIABLES =   90


 CURRENT X VALUES
   0.23755E+03 0.16024E+03 0.17977E+03 0.18957E+03 0.19033E+03
   0.15714E+03 0.95848E+02 0.15937E+03 0.11558E+03 0.12751E+03
   0.79166E+02 0.91975E+02 0.10203E+03 0.85997E+02 0.15979E+03
   0.15846E+03 0.10464E+03 0.11313E+03 0.43568E+03 0.48438E+03
   0.55617E+03 0.10238E+04 0.14171E+04 0.12063E+04 0.68952E+03
   0.78299E+03 0.45026E+03 0.30446E+03 0.25911E+03 0.21651E+03
   0.25323E+03 0.20245E+03 0.36787E+03 0.32040E+03 0.36911E+03
   0.34024E+03 0.11129E+04 0.16950E+04 0.32026E+04 0.79343E+04
   0.12926E+05 0.10406E+05 0.51091E+04 0.38195E+04 0.29289E+04
   0.17057E+04 0.13050E+04 0.74095E+03 0.27235E+03 0.24375E+03
   0.68345E+03 0.10605E+04 0.11444E+04 0.98537E+03 0.24799E+04
   0.44350E+04 0.11186E+05 0.30390E+05 0.51835E+05 0.43448E+05
   0.21694E+05 0.11197E+05 0.63133E+04 0.34230E+04 0.19048E+04
   0.85606E+03 0.37448E+03 0.38193E+03 0.85985E+03 0.15415E+04
   0.18433E+04 0.17576E+04 0.37453E+04 0.70473E+04 0.19030E+05
   0.51535E+05 0.88301E+05 0.76861E+05 0.39665E+05 0.17854E+05
   0.82412E+04 0.38529E+04 0.18085E+04 0.81231E+03 0.44560E+03
   0.48618E+03 0.93079E+03 0.16438E+04 0.21081E+04 0.21719E+04


 RMS ERROR ( ABSOLUTE ) =   0.184297


  RMS ERROR DIFF. BETWEEN OLD AND NEW = 0.363733E-02


           ITERATION(   5)


     0.1842970E+00 0.5000000E-01

 NUMBER OF VARIABLES =   90


 CURRENT X VALUES
   0.25038E+03 0.16217E+03 0.17777E+03 0.18670E+03 0.18639E+03
   0.15396E+03 0.94136E+02 0.15502E+03 0.11080E+03 0.12216E+03
   0.75553E+02 0.89079E+02 0.10067E+03 0.81828E+02 0.15551E+03
   0.15498E+03 0.10214E+03 0.10954E+03 0.40186E+03 0.47110E+03
   0.54995E+03 0.11048E+04 0.16152E+04 0.14210E+04 0.81634E+03
   0.91343E+03 0.50902E+03 0.33403E+03 0.28568E+03 0.22219E+03
   0.24818E+03 0.20429E+03 0.39015E+03 0.32699E+03 0.38757E+03
   0.35631E+03 0.90543E+03 0.15182E+04 0.32060E+04 0.90749E+04
   0.16267E+05 0.13837E+05 0.68858E+04 0.50482E+04 0.37352E+04
   0.21205E+04 0.15718E+04 0.79927E+03 0.25794E+03 0.23818E+03
   0.72746E+03 0.11533E+04 0.12652E+04 0.10821E+04 0.18405E+04
   0.36716E+04 0.10821E+05 0.34703E+05 0.67227E+05 0.60679E+05
   0.31008E+05 0.15725E+05 0.85159E+04 0.43851E+04 0.22728E+04
   0.91367E+03 0.36103E+03 0.37292E+03 0.89636E+03 0.16766E+04
   0.20431E+04 0.19447E+04 0.26331E+04 0.55624E+04 0.17818E+05
   0.57765E+05 0.11429E+06 0.10839E+06 0.57650E+05 0.25563E+05
   0.11269E+05 0.49211E+04 0.21106E+04 0.85032E+03 0.42929E+03
   0.47067E+03 0.95207E+03 0.17611E+04 0.23093E+04 0.23836E+04
